Started GET "/tasks" for 127.0.0.1 at 2024-04-30 09:53:51 +0200
  
ActiveRecord::DuplicateMigrationNameError (

Multiple migrations have the name AddServiceNameToActiveStorageBlobs.

):
  
activerecord (7.1.3.2) lib/active_record/migration.rb:1553:in `validate'
activerecord (7.1.3.2) lib/active_record/migration.rb:1423:in `initialize'
activerecord (7.1.3.2) lib/active_record/migration.rb:1292:in `new'
activerecord (7.1.3.2) lib/active_record/migration.rb:1292:in `open'
activerecord (7.1.3.2) lib/active_record/migration.rb:775:in `block (2 levels) in pending_migrations'
activerecord (7.1.3.2) lib/active_record/migration/pending_migration_connection.rb:8:in `establish_temporary_connection'
activerecord (7.1.3.2) lib/active_record/migration.rb:774:in `block in pending_migrations'
activerecord (7.1.3.2) lib/active_record/migration.rb:773:in `each'
activerecord (7.1.3.2) lib/active_record/migration.rb:773:in `pending_migrations'
activerecord (7.1.3.2) lib/active_record/migration.rb:752:in `check_pending_migrations'
activerecord (7.1.3.2) lib/active_record/migration.rb:644:in `block (2 levels) in call'
activesupport (7.1.3.2) lib/active_support/file_update_checker.rb:85:in `execute'
activerecord (7.1.3.2) lib/active_record/migration.rb:649:in `block in call'
activerecord (7.1.3.2) lib/active_record/migration.rb:641:in `synchronize'
activerecord (7.1.3.2) lib/active_record/migration.rb:641:in `call'
actionpack (7.1.3.2) lib/action_dispatch/middleware/callbacks.rb:29:in `block in call'
activesupport (7.1.3.2) lib/active_support/callbacks.rb:101:in `run_callbacks'
actionpack (7.1.3.2) lib/action_dispatch/middleware/callbacks.rb:28:in `call'
actionpack (7.1.3.2) lib/action_dispatch/middleware/executor.rb:14:in `call'
actionpack (7.1.3.2) lib/action_dispatch/middleware/actionable_exceptions.rb:16:in `call'
actionpack (7.1.3.2) lib/action_dispatch/middleware/debug_exceptions.rb:29:in `call'
web-console (4.2.1) lib/web_console/middleware.rb:132:in `call_app'
web-console (4.2.1) lib/web_console/middleware.rb:28:in `block in call'
web-console (4.2.1) lib/web_console/middleware.rb:17:in `catch'
web-console (4.2.1) lib/web_console/middleware.rb:17:in `call'
actionpack (7.1.3.2) lib/action_dispatch/middleware/show_exceptions.rb:31:in `call'
railties (7.1.3.2) lib/rails/rack/logger.rb:37:in `call_app'
railties (7.1.3.2) lib/rails/rack/logger.rb:24:in `block in call'
activesupport (7.1.3.2) lib/active_support/tagged_logging.rb:135:in `block in tagged'
activesupport (7.1.3.2) lib/active_support/tagged_logging.rb:39:in `tagged'
activesupport (7.1.3.2) lib/active_support/tagged_logging.rb:135:in `tagged'
activesupport (7.1.3.2) lib/active_support/broadcast_logger.rb:240:in `method_missing'
railties (7.1.3.2) lib/rails/rack/logger.rb:24:in `call'
actionpack (7.1.3.2) lib/action_dispatch/middleware/remote_ip.rb:92:in `call'
actionpack (7.1.3.2) lib/action_dispatch/middleware/request_id.rb:28:in `call'
rack (3.0.10) lib/rack/method_override.rb:28:in `call'
rack (3.0.10) lib/rack/runtime.rb:24:in `call'
activesupport (7.1.3.2) lib/active_support/cache/strategy/local_cache_middleware.rb:29:in `call'
actionpack (7.1.3.2) lib/action_dispatch/middleware/server_timing.rb:59:in `block in call'
actionpack (7.1.3.2) lib/action_dispatch/middleware/server_timing.rb:24:in `collect_events'
actionpack (7.1.3.2) lib/action_dispatch/middleware/server_timing.rb:58:in `call'
actionpack (7.1.3.2) lib/action_dispatch/middleware/executor.rb:14:in `call'
actionpack (7.1.3.2) lib/action_dispatch/middleware/static.rb:25:in `call'
rack (3.0.10) lib/rack/sendfile.rb:114:in `call'
actionpack (7.1.3.2) lib/action_dispatch/middleware/host_authorization.rb:141:in `call'
rack-mini-profiler (2.3.4) lib/mini_profiler/profiler.rb:393:in `call'
railties (7.1.3.2) lib/rails/engine.rb:536:in `call'
puma (6.4.2) lib/puma/configuration.rb:272:in `call'
puma (6.4.2) lib/puma/request.rb:100:in `block in handle_request'
puma (6.4.2) lib/puma/thread_pool.rb:378:in `with_force_shutdown'
puma (6.4.2) lib/puma/request.rb:99:in `handle_request'
puma (6.4.2) lib/puma/server.rb:464:in `process_client'
puma (6.4.2) lib/puma/server.rb:245:in `block in run'
puma (6.4.2) lib/puma/thread_pool.rb:155:in `block in spawn_thread'
  [1m[35m (0.2ms)[0m  [1m[35mDROP TABLE IF EXISTS "tasks"[0m
  [1m[35m (0.9ms)[0m  [1m[35mCREATE TABLE "tasks" ("id" integer PRIMARY KEY AUTOINCREMENT NOT NULL, "name" varchar, "description" text, "status" varchar, "creator" varchar, "performer" varchar, "completed" boolean, "created_at" datetime(6) NOT NULL, "updated_at" datetime(6) NOT NULL)[0m
  [1m[35m (0.3ms)[0m  [1m[35mCREATE TABLE "schema_migrations" ("version" varchar NOT NULL PRIMARY KEY)[0m
  [1m[36mActiveRecord::SchemaMigration Load (0.1ms)[0m  [1m[34mSELECT "schema_migrations"."version" FROM "schema_migrations" ORDER BY "schema_migrations"."version" ASC[0m
  [1m[35m (0.1ms)[0m  [1m[32mINSERT INTO "schema_migrations" (version) VALUES (20240410191126)[0m
  [1m[35m (0.0ms)[0m  [1m[32mINSERT INTO "schema_migrations" (version) VALUES
(20220922101121),
(20220922101120),
(20220922101119),
(20200810095728),
(20200810095727),
(20200810095726);[0m
  [1m[35m (0.1ms)[0m  [1m[35mCREATE TABLE "ar_internal_metadata" ("key" varchar NOT NULL PRIMARY KEY, "value" varchar, "created_at" datetime(6) NOT NULL, "updated_at" datetime(6) NOT NULL)[0m
  [1m[36mActiveRecord::InternalMetadata Load (0.0ms)[0m  [1m[34mSELECT * FROM "ar_internal_metadata" WHERE "ar_internal_metadata"."key" = ? ORDER BY "ar_internal_metadata"."key" ASC LIMIT 1[0m  [[nil, "environment"]]
  [1m[36mActiveRecord::InternalMetadata Create (0.1ms)[0m  [1m[32mINSERT INTO "ar_internal_metadata" ("key", "value", "created_at", "updated_at") VALUES ('environment', 'development', '2024-04-30 07:54:07.265131', '2024-04-30 07:54:07.265134') RETURNING "key"[0m
  [1m[36mActiveRecord::InternalMetadata Load (0.0ms)[0m  [1m[34mSELECT * FROM "ar_internal_metadata" WHERE "ar_internal_metadata"."key" = ? ORDER BY "ar_internal_metadata"."key" ASC LIMIT 1[0m  [[nil, "environment"]]
  [1m[36mActiveRecord::InternalMetadata Load (0.0ms)[0m  [1m[34mSELECT * FROM "ar_internal_metadata" WHERE "ar_internal_metadata"."key" = ? ORDER BY "ar_internal_metadata"."key" ASC LIMIT 1[0m  [[nil, "schema_sha1"]]
  [1m[36mActiveRecord::InternalMetadata Create (0.0ms)[0m  [1m[32mINSERT INTO "ar_internal_metadata" ("key", "value", "created_at", "updated_at") VALUES ('schema_sha1', 'beba4f2eb32514ccb1a212308c74b1c1ce9f3614', '2024-04-30 07:54:07.271298', '2024-04-30 07:54:07.271299') RETURNING "key"[0m
  [1m[35m (0.0ms)[0m  [1m[35mDROP TABLE IF EXISTS "tasks"[0m
  [1m[35m (0.2ms)[0m  [1m[35mCREATE TABLE "tasks" ("id" integer PRIMARY KEY AUTOINCREMENT NOT NULL, "name" varchar, "description" text, "status" varchar, "creator" varchar, "performer" varchar, "completed" boolean, "created_at" datetime(6) NOT NULL, "updated_at" datetime(6) NOT NULL)[0m
  [1m[35m (0.1ms)[0m  [1m[35mCREATE TABLE "schema_migrations" ("version" varchar NOT NULL PRIMARY KEY)[0m
  [1m[36mActiveRecord::SchemaMigration Load (0.0ms)[0m  [1m[34mSELECT "schema_migrations"."version" FROM "schema_migrations" ORDER BY "schema_migrations"."version" ASC[0m
  [1m[35m (0.0ms)[0m  [1m[32mINSERT INTO "schema_migrations" (version) VALUES (20240410191126)[0m
  [1m[35m (0.0ms)[0m  [1m[32mINSERT INTO "schema_migrations" (version) VALUES
(20220922101121),
(20220922101120),
(20220922101119),
(20200810095728),
(20200810095727),
(20200810095726);[0m
  [1m[35m (0.1ms)[0m  [1m[35mCREATE TABLE "ar_internal_metadata" ("key" varchar NOT NULL PRIMARY KEY, "value" varchar, "created_at" datetime(6) NOT NULL, "updated_at" datetime(6) NOT NULL)[0m
  [1m[36mActiveRecord::InternalMetadata Load (0.0ms)[0m  [1m[34mSELECT * FROM "ar_internal_metadata" WHERE "ar_internal_metadata"."key" = ? ORDER BY "ar_internal_metadata"."key" ASC LIMIT 1[0m  [[nil, "environment"]]
  [1m[36mActiveRecord::InternalMetadata Create (0.0ms)[0m  [1m[32mINSERT INTO "ar_internal_metadata" ("key", "value", "created_at", "updated_at") VALUES ('environment', 'development', '2024-04-30 07:54:07.275880', '2024-04-30 07:54:07.275881') RETURNING "key"[0m
  [1m[36mActiveRecord::InternalMetadata Load (0.0ms)[0m  [1m[34mSELECT * FROM "ar_internal_metadata" WHERE "ar_internal_metadata"."key" = ? ORDER BY "ar_internal_metadata"."key" ASC LIMIT 1[0m  [[nil, "environment"]]
  [1m[36mActiveRecord::InternalMetadata Update (0.0ms)[0m  [1m[33mUPDATE "ar_internal_metadata" SET "value" = 'test', "updated_at" = '2024-04-30 07:54:07.276473' WHERE "ar_internal_metadata"."key" = 'environment'[0m
  [1m[36mActiveRecord::InternalMetadata Load (0.0ms)[0m  [1m[34mSELECT * FROM "ar_internal_metadata" WHERE "ar_internal_metadata"."key" = ? ORDER BY "ar_internal_metadata"."key" ASC LIMIT 1[0m  [[nil, "schema_sha1"]]
  [1m[36mActiveRecord::InternalMetadata Create (0.0ms)[0m  [1m[32mINSERT INTO "ar_internal_metadata" ("key", "value", "created_at", "updated_at") VALUES ('schema_sha1', 'beba4f2eb32514ccb1a212308c74b1c1ce9f3614', '2024-04-30 07:54:07.277197', '2024-04-30 07:54:07.277197') RETURNING "key"[0m
  [1m[36mActiveRecord::SchemaMigration Load (0.3ms)[0m  [1m[34mSELECT "schema_migrations"."version" FROM "schema_migrations" ORDER BY "schema_migrations"."version" ASC[0m
  [1m[36mActiveRecord::InternalMetadata Load (0.0ms)[0m  [1m[34mSELECT * FROM "ar_internal_metadata" WHERE "ar_internal_metadata"."key" = ? ORDER BY "ar_internal_metadata"."key" ASC LIMIT 1[0m  [[nil, "environment"]]
  [1m[36mActiveRecord::SchemaMigration Load (0.0ms)[0m  [1m[34mSELECT "schema_migrations"."version" FROM "schema_migrations" ORDER BY "schema_migrations"."version" ASC[0m
  [1m[36mActiveRecord::InternalMetadata Load (0.0ms)[0m  [1m[34mSELECT * FROM "ar_internal_metadata" WHERE "ar_internal_metadata"."key" = ? ORDER BY "ar_internal_metadata"."key" ASC LIMIT 1[0m  [[nil, "environment"]]
  [1m[36mActiveRecord::SchemaMigration Load (0.0ms)[0m  [1m[34mSELECT "schema_migrations"."version" FROM "schema_migrations" ORDER BY "schema_migrations"."version" ASC[0m
  [1m[36mActiveRecord::InternalMetadata Load (0.0ms)[0m  [1m[34mSELECT * FROM "ar_internal_metadata" WHERE "ar_internal_metadata"."key" = ? ORDER BY "ar_internal_metadata"."key" ASC LIMIT 1[0m  [[nil, "environment"]]
  [1m[35m (0.2ms)[0m  [1m[35mDROP TABLE IF EXISTS "tasks"[0m
  [1m[35m (0.7ms)[0m  [1m[35mCREATE TABLE "tasks" ("id" integer PRIMARY KEY AUTOINCREMENT NOT NULL, "name" varchar, "description" text, "status" varchar, "creator" varchar, "performer" varchar, "completed" boolean, "created_at" datetime(6) NOT NULL, "updated_at" datetime(6) NOT NULL)[0m
  [1m[35m (0.4ms)[0m  [1m[35mCREATE TABLE "schema_migrations" ("version" varchar NOT NULL PRIMARY KEY)[0m
  [1m[36mActiveRecord::SchemaMigration Load (0.0ms)[0m  [1m[34mSELECT "schema_migrations"."version" FROM "schema_migrations" ORDER BY "schema_migrations"."version" ASC[0m
  [1m[35m (0.0ms)[0m  [1m[32mINSERT INTO "schema_migrations" (version) VALUES (20240410191126)[0m
  [1m[35m (0.0ms)[0m  [1m[32mINSERT INTO "schema_migrations" (version) VALUES
(20200810095728),
(20200810095727),
(20200810095726);[0m
  [1m[35m (0.1ms)[0m  [1m[35mCREATE TABLE "ar_internal_metadata" ("key" varchar NOT NULL PRIMARY KEY, "value" varchar, "created_at" datetime(6) NOT NULL, "updated_at" datetime(6) NOT NULL)[0m
  [1m[36mActiveRecord::InternalMetadata Load (0.0ms)[0m  [1m[34mSELECT * FROM "ar_internal_metadata" WHERE "ar_internal_metadata"."key" = ? ORDER BY "ar_internal_metadata"."key" ASC LIMIT 1[0m  [[nil, "environment"]]
  [1m[36mActiveRecord::InternalMetadata Create (0.0ms)[0m  [1m[32mINSERT INTO "ar_internal_metadata" ("key", "value", "created_at", "updated_at") VALUES ('environment', 'development', '2024-04-30 07:54:43.107828', '2024-04-30 07:54:43.107830') RETURNING "key"[0m
  [1m[36mActiveRecord::InternalMetadata Load (0.0ms)[0m  [1m[34mSELECT * FROM "ar_internal_metadata" WHERE "ar_internal_metadata"."key" = ? ORDER BY "ar_internal_metadata"."key" ASC LIMIT 1[0m  [[nil, "environment"]]
  [1m[36mActiveRecord::InternalMetadata Load (0.0ms)[0m  [1m[34mSELECT * FROM "ar_internal_metadata" WHERE "ar_internal_metadata"."key" = ? ORDER BY "ar_internal_metadata"."key" ASC LIMIT 1[0m  [[nil, "schema_sha1"]]
  [1m[36mActiveRecord::InternalMetadata Create (0.0ms)[0m  [1m[32mINSERT INTO "ar_internal_metadata" ("key", "value", "created_at", "updated_at") VALUES ('schema_sha1', 'beba4f2eb32514ccb1a212308c74b1c1ce9f3614', '2024-04-30 07:54:43.108895', '2024-04-30 07:54:43.108896') RETURNING "key"[0m
  [1m[35m (0.0ms)[0m  [1m[35mDROP TABLE IF EXISTS "tasks"[0m
  [1m[35m (0.2ms)[0m  [1m[35mCREATE TABLE "tasks" ("id" integer PRIMARY KEY AUTOINCREMENT NOT NULL, "name" varchar, "description" text, "status" varchar, "creator" varchar, "performer" varchar, "completed" boolean, "created_at" datetime(6) NOT NULL, "updated_at" datetime(6) NOT NULL)[0m
  [1m[35m (0.1ms)[0m  [1m[35mCREATE TABLE "schema_migrations" ("version" varchar NOT NULL PRIMARY KEY)[0m
  [1m[36mActiveRecord::SchemaMigration Load (0.0ms)[0m  [1m[34mSELECT "schema_migrations"."version" FROM "schema_migrations" ORDER BY "schema_migrations"."version" ASC[0m
  [1m[35m (0.1ms)[0m  [1m[32mINSERT INTO "schema_migrations" (version) VALUES (20240410191126)[0m
  [1m[35m (0.0ms)[0m  [1m[32mINSERT INTO "schema_migrations" (version) VALUES
(20200810095728),
(20200810095727),
(20200810095726);[0m
  [1m[35m (0.1ms)[0m  [1m[35mCREATE TABLE "ar_internal_metadata" ("key" varchar NOT NULL PRIMARY KEY, "value" varchar, "created_at" datetime(6) NOT NULL, "updated_at" datetime(6) NOT NULL)[0m
  [1m[36mActiveRecord::InternalMetadata Load (0.0ms)[0m  [1m[34mSELECT * FROM "ar_internal_metadata" WHERE "ar_internal_metadata"."key" = ? ORDER BY "ar_internal_metadata"."key" ASC LIMIT 1[0m  [[nil, "environment"]]
  [1m[36mActiveRecord::InternalMetadata Create (0.1ms)[0m  [1m[32mINSERT INTO "ar_internal_metadata" ("key", "value", "created_at", "updated_at") VALUES ('environment', 'development', '2024-04-30 07:54:43.117487', '2024-04-30 07:54:43.117488') RETURNING "key"[0m
  [1m[36mActiveRecord::InternalMetadata Load (0.0ms)[0m  [1m[34mSELECT * FROM "ar_internal_metadata" WHERE "ar_internal_metadata"."key" = ? ORDER BY "ar_internal_metadata"."key" ASC LIMIT 1[0m  [[nil, "environment"]]
  [1m[36mActiveRecord::InternalMetadata Update (0.0ms)[0m  [1m[33mUPDATE "ar_internal_metadata" SET "value" = 'test', "updated_at" = '2024-04-30 07:54:43.118395' WHERE "ar_internal_metadata"."key" = 'environment'[0m
  [1m[36mActiveRecord::InternalMetadata Load (0.0ms)[0m  [1m[34mSELECT * FROM "ar_internal_metadata" WHERE "ar_internal_metadata"."key" = ? ORDER BY "ar_internal_metadata"."key" ASC LIMIT 1[0m  [[nil, "schema_sha1"]]
  [1m[36mActiveRecord::InternalMetadata Create (0.0ms)[0m  [1m[32mINSERT INTO "ar_internal_metadata" ("key", "value", "created_at", "updated_at") VALUES ('schema_sha1', 'beba4f2eb32514ccb1a212308c74b1c1ce9f3614', '2024-04-30 07:54:43.118903', '2024-04-30 07:54:43.118904') RETURNING "key"[0m
  [1m[36mActiveRecord::SchemaMigration Load (0.0ms)[0m  [1m[34mSELECT "schema_migrations"."version" FROM "schema_migrations" ORDER BY "schema_migrations"."version" ASC[0m
  [1m[36mTRANSACTION (0.0ms)[0m  [1m[36mbegin transaction[0m
  [1m[36mTask Create (0.5ms)[0m  [1m[32mINSERT INTO "tasks" ("name", "description", "status", "creator", "performer", "completed", "created_at", "updated_at") VALUES (?, ?, ?, ?, ?, ?, ?, ?) RETURNING "id"[0m  [["name", "Illo vitae vel fugiat."], ["description", "Voluptatem exercitationem eligendi. Accusantium voluptatem quod. Quae enim amet."], ["status", "new"], ["creator", "Gilbert Kovacek"], ["performer", "Fermin Blanda"], ["completed", 1], ["created_at", "2024-04-30 07:54:43.899382"], ["updated_at", "2024-04-30 07:54:43.899382"]]
  [1m[36mTRANSACTION (0.2ms)[0m  [1m[36mcommit transaction[0m
  [1m[36mTRANSACTION (0.0ms)[0m  [1m[36mbegin transaction[0m
  [1m[36mTask Create (0.4ms)[0m  [1m[32mINSERT INTO "tasks" ("name", "description", "status", "creator", "performer", "completed", "created_at", "updated_at") VALUES (?, ?, ?, ?, ?, ?, ?, ?) RETURNING "id"[0m  [["name", "Est id inventore architecto."], ["description", "Numquam nihil fugiat. Molestiae iure rem. Et molestiae magni."], ["status", "new"], ["creator", "Vincenzo Rolfson PhD"], ["performer", "Fredia Kuhlman"], ["completed", 1], ["created_at", "2024-04-30 07:54:43.901588"], ["updated_at", "2024-04-30 07:54:43.901588"]]
  [1m[36mTRANSACTION (0.0ms)[0m  [1m[36mcommit transaction[0m
  [1m[36mTRANSACTION (0.0ms)[0m  [1m[36mbegin transaction[0m
  [1m[36mTask Create (0.3ms)[0m  [1m[32mINSERT INTO "tasks" ("name", "description", "status", "creator", "performer", "completed", "created_at", "updated_at") VALUES (?, ?, ?, ?, ?, ?, ?, ?) RETURNING "id"[0m  [["name", "Quam rem eos ratione."], ["description", "Quibusdam sit vitae. Corrupti sit cumque. Molestiae facere est."], ["status", "new"], ["creator", "Fr. Lenore Rath"], ["performer", "Lakita Doyle"], ["completed", 1], ["created_at", "2024-04-30 07:54:43.903139"], ["updated_at", "2024-04-30 07:54:43.903139"]]
  [1m[36mTRANSACTION (0.0ms)[0m  [1m[36mcommit transaction[0m
  [1m[36mTRANSACTION (0.0ms)[0m  [1m[36mbegin transaction[0m
  [1m[36mTask Create (0.5ms)[0m  [1m[32mINSERT INTO "tasks" ("name", "description", "status", "creator", "performer", "completed", "created_at", "updated_at") VALUES (?, ?, ?, ?, ?, ?, ?, ?) RETURNING "id"[0m  [["name", "Quia sint aliquam non."], ["description", "Iusto odit exercitationem. Et totam ut. Et veritatis dolor."], ["status", "new"], ["creator", "Yee Okuneva LLD"], ["performer", "Miss Phebe Mueller"], ["completed", 0], ["created_at", "2024-04-30 07:54:43.904596"], ["updated_at", "2024-04-30 07:54:43.904596"]]
  [1m[36mTRANSACTION (0.0ms)[0m  [1m[36mcommit transaction[0m
  [1m[36mTRANSACTION (0.0ms)[0m  [1m[36mbegin transaction[0m
  [1m[36mTask Create (0.3ms)[0m  [1m[32mINSERT INTO "tasks" ("name", "description", "status", "creator", "performer", "completed", "created_at", "updated_at") VALUES (?, ?, ?, ?, ?, ?, ?, ?) RETURNING "id"[0m  [["name", "Aut inventore eos aliquam."], ["description", "Qui cupiditate deleniti. Ipsum id voluptate. Atque sed omnis."], ["status", "new"], ["creator", "Norbert Pouros"], ["performer", "Deangelo Berge"], ["completed", 0], ["created_at", "2024-04-30 07:54:43.906171"], ["updated_at", "2024-04-30 07:54:43.906171"]]
  [1m[36mTRANSACTION (0.0ms)[0m  [1m[36mcommit transaction[0m
  [1m[36mTRANSACTION (0.0ms)[0m  [1m[36mbegin transaction[0m
  [1m[36mTask Create (0.4ms)[0m  [1m[32mINSERT INTO "tasks" ("name", "description", "status", "creator", "performer", "completed", "created_at", "updated_at") VALUES (?, ?, ?, ?, ?, ?, ?, ?) RETURNING "id"[0m  [["name", "Quis et repudiandae repellat."], ["description", "Et quis aut. In iste harum. Illo dolor nemo."], ["status", "new"], ["creator", "Luciano Kuvalis"], ["performer", "Elliott Kilback DVM"], ["completed", 0], ["created_at", "2024-04-30 07:54:43.907566"], ["updated_at", "2024-04-30 07:54:43.907566"]]
  [1m[36mTRANSACTION (0.1ms)[0m  [1m[36mcommit transaction[0m
  [1m[36mTRANSACTION (0.0ms)[0m  [1m[36mbegin transaction[0m
  [1m[36mTask Create (0.4ms)[0m  [1m[32mINSERT INTO "tasks" ("name", "description", "status", "creator", "performer", "completed", "created_at", "updated_at") VALUES (?, ?, ?, ?, ?, ?, ?, ?) RETURNING "id"[0m  [["name", "Consectetur dolor dolorum voluptatem."], ["description", "Dolorum debitis laborum. Dicta commodi explicabo. Omnis vero aspernatur."], ["status", "new"], ["creator", "Ashley Corkery"], ["performer", "Edmond Kerluke III"], ["completed", 1], ["created_at", "2024-04-30 07:54:43.909102"], ["updated_at", "2024-04-30 07:54:43.909102"]]
  [1m[36mTRANSACTION (0.0ms)[0m  [1m[36mcommit transaction[0m
  [1m[36mTRANSACTION (0.0ms)[0m  [1m[36mbegin transaction[0m
  [1m[36mTask Create (0.3ms)[0m  [1m[32mINSERT INTO "tasks" ("name", "description", "status", "creator", "performer", "completed", "created_at", "updated_at") VALUES (?, ?, ?, ?, ?, ?, ?, ?) RETURNING "id"[0m  [["name", "Molestiae omnis autem ullam."], ["description", "Odit eum magni. Sit facilis nam. Illo repudiandae quia."], ["status", "new"], ["creator", "Rod O'Kon"], ["performer", "Deangelo Mosciski"], ["completed", 1], ["created_at", "2024-04-30 07:54:43.910571"], ["updated_at", "2024-04-30 07:54:43.910571"]]
  [1m[36mTRANSACTION (0.0ms)[0m  [1m[36mcommit transaction[0m
  [1m[36mTRANSACTION (0.0ms)[0m  [1m[36mbegin transaction[0m
  [1m[36mTask Create (0.3ms)[0m  [1m[32mINSERT INTO "tasks" ("name", "description", "status", "creator", "performer", "completed", "created_at", "updated_at") VALUES (?, ?, ?, ?, ?, ?, ?, ?) RETURNING "id"[0m  [["name", "Illum possimus et voluptate."], ["description", "Corporis possimus exercitationem. Sint et pariatur. Ut consequatur dolores."], ["status", "new"], ["creator", "Mallie Moore"], ["performer", "Gene VonRueden"], ["completed", 1], ["created_at", "2024-04-30 07:54:43.912018"], ["updated_at", "2024-04-30 07:54:43.912018"]]
  [1m[36mTRANSACTION (0.0ms)[0m  [1m[36mcommit transaction[0m
  [1m[36mTRANSACTION (0.0ms)[0m  [1m[36mbegin transaction[0m
  [1m[36mTask Create (0.3ms)[0m  [1m[32mINSERT INTO "tasks" ("name", "description", "status", "creator", "performer", "completed", "created_at", "updated_at") VALUES (?, ?, ?, ?, ?, ?, ?, ?) RETURNING "id"[0m  [["name", "Molestiae aut officiis voluptatum."], ["description", "Ut id rem. Atque repellat aliquam. Aut laboriosam eum."], ["status", "new"], ["creator", "Vernia Kovacek"], ["performer", "Lashell Krajcik"], ["completed", 0], ["created_at", "2024-04-30 07:54:43.913432"], ["updated_at", "2024-04-30 07:54:43.913432"]]
  [1m[36mTRANSACTION (0.0ms)[0m  [1m[36mcommit transaction[0m
  [1m[36mTRANSACTION (0.0ms)[0m  [1m[36mbegin transaction[0m
  [1m[36mTask Create (0.3ms)[0m  [1m[32mINSERT INTO "tasks" ("name", "description", "status", "creator", "performer", "completed", "created_at", "updated_at") VALUES (?, ?, ?, ?, ?, ?, ?, ?) RETURNING "id"[0m  [["name", "Corporis quidem qui nam."], ["description", "Numquam ex aut. Et dolorum molestias. Suscipit nihil dicta."], ["status", "new"], ["creator", "Jon Waelchi"], ["performer", "Claud McDermott IV"], ["completed", 0], ["created_at", "2024-04-30 07:54:43.914818"], ["updated_at", "2024-04-30 07:54:43.914818"]]
  [1m[36mTRANSACTION (0.0ms)[0m  [1m[36mcommit transaction[0m
  [1m[36mTRANSACTION (0.0ms)[0m  [1m[36mbegin transaction[0m
  [1m[36mTask Create (0.3ms)[0m  [1m[32mINSERT INTO "tasks" ("name", "description", "status", "creator", "performer", "completed", "created_at", "updated_at") VALUES (?, ?, ?, ?, ?, ?, ?, ?) RETURNING "id"[0m  [["name", "Architecto reiciendis ut omnis."], ["description", "Cumque dolor consectetur. Odio qui et. Deleniti consequuntur molestias."], ["status", "new"], ["creator", "Sung Considine"], ["performer", "Ms. Olin Krajcik"], ["completed", 0], ["created_at", "2024-04-30 07:54:43.916250"], ["updated_at", "2024-04-30 07:54:43.916250"]]
  [1m[36mTRANSACTION (0.0ms)[0m  [1m[36mcommit transaction[0m
  [1m[36mTRANSACTION (0.0ms)[0m  [1m[36mbegin transaction[0m
  [1m[36mTask Create (0.3ms)[0m  [1m[32mINSERT INTO "tasks" ("name", "description", "status", "creator", "performer", "completed", "created_at", "updated_at") VALUES (?, ?, ?, ?, ?, ?, ?, ?) RETURNING "id"[0m  [["name", "Ut ea est non."], ["description", "Doloribus non assumenda. Temporibus consectetur accusantium. Commodi quia sunt."], ["status", "new"], ["creator", "Rich Howe"], ["performer", "Andreas Schimmel VM"], ["completed", 1], ["created_at", "2024-04-30 07:54:43.917645"], ["updated_at", "2024-04-30 07:54:43.917645"]]
  [1m[36mTRANSACTION (0.0ms)[0m  [1m[36mcommit transaction[0m
  [1m[36mTRANSACTION (0.0ms)[0m  [1m[36mbegin transaction[0m
  [1m[36mTask Create (0.3ms)[0m  [1m[32mINSERT INTO "tasks" ("name", "description", "status", "creator", "performer", "completed", "created_at", "updated_at") VALUES (?, ?, ?, ?, ?, ?, ?, ?) RETURNING "id"[0m  [["name", "Possimus cupiditate aut nam."], ["description", "Aut aliquid saepe. Et dolor est. Nihil dolor sed."], ["status", "new"], ["creator", "Cornell Dibbert V"], ["performer", "Vanessa Ziemann"], ["completed", 0], ["created_at", "2024-04-30 07:54:43.919037"], ["updated_at", "2024-04-30 07:54:43.919037"]]
  [1m[36mTRANSACTION (0.0ms)[0m  [1m[36mcommit transaction[0m
  [1m[36mTRANSACTION (0.0ms)[0m  [1m[36mbegin transaction[0m
  [1m[36mTask Create (0.3ms)[0m  [1m[32mINSERT INTO "tasks" ("name", "description", "status", "creator", "performer", "completed", "created_at", "updated_at") VALUES (?, ?, ?, ?, ?, ?, ?, ?) RETURNING "id"[0m  [["name", "Recusandae aspernatur eum doloremque."], ["description", "Commodi aliquam officia. Quia corrupti id. Quod repellendus commodi."], ["status", "new"], ["creator", "Wilber Marks"], ["performer", "Rudolf Romaguera"], ["completed", 1], ["created_at", "2024-04-30 07:54:43.920422"], ["updated_at", "2024-04-30 07:54:43.920422"]]
  [1m[36mTRANSACTION (0.0ms)[0m  [1m[36mcommit transaction[0m
  [1m[36mTRANSACTION (0.0ms)[0m  [1m[36mbegin transaction[0m
  [1m[36mTask Create (0.4ms)[0m  [1m[32mINSERT INTO "tasks" ("name", "description", "status", "creator", "performer", "completed", "created_at", "updated_at") VALUES (?, ?, ?, ?, ?, ?, ?, ?) RETURNING "id"[0m  [["name", "Unde amet fuga totam."], ["description", "Soluta aut perspiciatis. Aut asperiores aliquam. Non nihil doloremque."], ["status", "new"], ["creator", "Carlie Kub"], ["performer", "Jame Feest"], ["completed", 0], ["created_at", "2024-04-30 07:54:43.921824"], ["updated_at", "2024-04-30 07:54:43.921824"]]
  [1m[36mTRANSACTION (0.0ms)[0m  [1m[36mcommit transaction[0m
  [1m[36mTRANSACTION (0.0ms)[0m  [1m[36mbegin transaction[0m
  [1m[36mTask Create (0.4ms)[0m  [1m[32mINSERT INTO "tasks" ("name", "description", "status", "creator", "performer", "completed", "created_at", "updated_at") VALUES (?, ?, ?, ?, ?, ?, ?, ?) RETURNING "id"[0m  [["name", "Sed maxime odit mollitia."], ["description", "Ut tenetur ducimus. Temporibus iusto autem. Omnis voluptatem porro."], ["status", "new"], ["creator", "Terra Gutmann"], ["performer", "Jeramy Schamberger"], ["completed", 0], ["created_at", "2024-04-30 07:54:43.923419"], ["updated_at", "2024-04-30 07:54:43.923419"]]
  [1m[36mTRANSACTION (0.0ms)[0m  [1m[36mcommit transaction[0m
  [1m[36mTRANSACTION (0.0ms)[0m  [1m[36mbegin transaction[0m
  [1m[36mTask Create (0.4ms)[0m  [1m[32mINSERT INTO "tasks" ("name", "description", "status", "creator", "performer", "completed", "created_at", "updated_at") VALUES (?, ?, ?, ?, ?, ?, ?, ?) RETURNING "id"[0m  [["name", "Fugit debitis harum vero."], ["description", "Omnis quae voluptas. Voluptas quibusdam enim. Corrupti porro quis."], ["status", "new"], ["creator", "Donnie Farrell"], ["performer", "Chang Mante JD"], ["completed", 0], ["created_at", "2024-04-30 07:54:43.925087"], ["updated_at", "2024-04-30 07:54:43.925087"]]
  [1m[36mTRANSACTION (0.0ms)[0m  [1m[36mcommit transaction[0m
  [1m[36mTRANSACTION (0.0ms)[0m  [1m[36mbegin transaction[0m
  [1m[36mTask Create (0.4ms)[0m  [1m[32mINSERT INTO "tasks" ("name", "description", "status", "creator", "performer", "completed", "created_at", "updated_at") VALUES (?, ?, ?, ?, ?, ?, ?, ?) RETURNING "id"[0m  [["name", "Et deleniti consectetur quae."], ["description", "Dolorum error enim. Consequuntur et repellendus. Voluptas earum consectetur."], ["status", "new"], ["creator", "Chang Gutmann VM"], ["performer", "The Hon. Hyon Ferry"], ["completed", 0], ["created_at", "2024-04-30 07:54:43.926662"], ["updated_at", "2024-04-30 07:54:43.926662"]]
  [1m[36mTRANSACTION (0.0ms)[0m  [1m[36mcommit transaction[0m
  [1m[36mTRANSACTION (0.0ms)[0m  [1m[36mbegin transaction[0m
  [1m[36mTask Create (0.5ms)[0m  [1m[32mINSERT INTO "tasks" ("name", "description", "status", "creator", "performer", "completed", "created_at", "updated_at") VALUES (?, ?, ?, ?, ?, ?, ?, ?) RETURNING "id"[0m  [["name", "Officia dolores ipsum quo."], ["description", "Laudantium quod velit. Distinctio recusandae qui. Dolor culpa excepturi."], ["status", "new"], ["creator", "Wilmer Wyman"], ["performer", "Parthenia Kovacek"], ["completed", 1], ["created_at", "2024-04-30 07:54:43.928228"], ["updated_at", "2024-04-30 07:54:43.928228"]]
  [1m[36mTRANSACTION (0.0ms)[0m  [1m[36mcommit transaction[0m
  [1m[36mTRANSACTION (0.0ms)[0m  [1m[36mbegin transaction[0m
  [1m[36mTask Create (0.4ms)[0m  [1m[32mINSERT INTO "tasks" ("name", "description", "status", "creator", "performer", "completed", "created_at", "updated_at") VALUES (?, ?, ?, ?, ?, ?, ?, ?) RETURNING "id"[0m  [["name", "Neque esse voluptatibus atque."], ["description", "Eaque ab sapiente. Expedita et labore. Debitis voluptatem ipsum."], ["status", "new"], ["creator", "Jordan Blick MD"], ["performer", "Msgr. Brianne Parker"], ["completed", 1], ["created_at", "2024-04-30 07:54:43.929840"], ["updated_at", "2024-04-30 07:54:43.929840"]]
  [1m[36mTRANSACTION (0.0ms)[0m  [1m[36mcommit transaction[0m
  [1m[36mTRANSACTION (0.0ms)[0m  [1m[36mbegin transaction[0m
  [1m[36mTask Create (0.3ms)[0m  [1m[32mINSERT INTO "tasks" ("name", "description", "status", "creator", "performer", "completed", "created_at", "updated_at") VALUES (?, ?, ?, ?, ?, ?, ?, ?) RETURNING "id"[0m  [["name", "Et nesciunt consequuntur qui."], ["description", "Incidunt quia est. Id perspiciatis odit. Perspiciatis eos ut."], ["status", "new"], ["creator", "Leonard Kris II"], ["performer", "Msgr. Brittaney Bergnaum"], ["completed", 1], ["created_at", "2024-04-30 07:54:43.931280"], ["updated_at", "2024-04-30 07:54:43.931280"]]
  [1m[36mTRANSACTION (0.0ms)[0m  [1m[36mcommit transaction[0m
  [1m[36mTRANSACTION (0.0ms)[0m  [1m[36mbegin transaction[0m
  [1m[36mTask Create (0.3ms)[0m  [1m[32mINSERT INTO "tasks" ("name", "description", "status", "creator", "performer", "completed", "created_at", "updated_at") VALUES (?, ?, ?, ?, ?, ?, ?, ?) RETURNING "id"[0m  [["name", "Omnis dolor sunt optio."], ["description", "Et rerum maiores. Libero debitis fugiat. Saepe temporibus quae."], ["status", "new"], ["creator", "Pres. Jewell Mayert"], ["performer", "Kathline Lueilwitz"], ["completed", 1], ["created_at", "2024-04-30 07:54:43.932703"], ["updated_at", "2024-04-30 07:54:43.932703"]]
  [1m[36mTRANSACTION (0.0ms)[0m  [1m[36mcommit transaction[0m
  [1m[36mTRANSACTION (0.0ms)[0m  [1m[36mbegin transaction[0m
  [1m[36mTask Create (0.5ms)[0m  [1m[32mINSERT INTO "tasks" ("name", "description", "status", "creator", "performer", "completed", "created_at", "updated_at") VALUES (?, ?, ?, ?, ?, ?, ?, ?) RETURNING "id"[0m  [["name", "Voluptates quia est voluptatem."], ["description", "Eligendi et eos. Molestiae et maiores. Architecto deleniti officia."], ["status", "new"], ["creator", "Cletus Kassulke"], ["performer", "Tarah Greenholt"], ["completed", 1], ["created_at", "2024-04-30 07:54:43.934120"], ["updated_at", "2024-04-30 07:54:43.934120"]]
  [1m[36mTRANSACTION (0.0ms)[0m  [1m[36mcommit transaction[0m
  [1m[36mTRANSACTION (0.0ms)[0m  [1m[36mbegin transaction[0m
  [1m[36mTask Create (0.5ms)[0m  [1m[32mINSERT INTO "tasks" ("name", "description", "status", "creator", "performer", "completed", "created_at", "updated_at") VALUES (?, ?, ?, ?, ?, ?, ?, ?) RETURNING "id"[0m  [["name", "Sunt qui cumque harum."], ["description", "Sint odio culpa. Repudiandae nisi dolores. Numquam fugit et."], ["status", "new"], ["creator", "Pres. Sofia Kutch"], ["performer", "Calvin Gutmann"], ["completed", 1], ["created_at", "2024-04-30 07:54:43.935990"], ["updated_at", "2024-04-30 07:54:43.935990"]]
  [1m[36mTRANSACTION (0.0ms)[0m  [1m[36mcommit transaction[0m
  [1m[36mActiveRecord::InternalMetadata Load (0.0ms)[0m  [1m[34mSELECT * FROM "ar_internal_metadata" WHERE "ar_internal_metadata"."key" = ? ORDER BY "ar_internal_metadata"."key" ASC LIMIT 1[0m  [[nil, "environment"]]
  [1m[36mActiveRecord::SchemaMigration Load (0.0ms)[0m  [1m[34mSELECT "schema_migrations"."version" FROM "schema_migrations" ORDER BY "schema_migrations"."version" ASC[0m
  [1m[36mActiveRecord::SchemaMigration Load (0.0ms)[0m  [1m[34mSELECT "schema_migrations"."version" FROM "schema_migrations" ORDER BY "schema_migrations"."version" ASC[0m
Started GET "/tasks" for 127.0.0.1 at 2024-04-30 09:55:07 +0200
  [1m[36mActiveRecord::SchemaMigration Load (0.5ms)[0m  [1m[34mSELECT "schema_migrations"."version" FROM "schema_migrations" ORDER BY "schema_migrations"."version" ASC[0m
Processing by TasksController#index as HTML
  Rendering layout layouts/application.html.slim
  Rendering tasks/index.html.slim within layouts/application
  [1m[36mTask Load (0.4ms)[0m  [1m[34mSELECT "tasks".* FROM "tasks"[0m
  ↳ app/views/tasks/index.html.slim:4
  Rendered tasks/index.html.slim within layouts/application (Duration: 11.6ms | Allocations: 24457)
  Rendered layout layouts/application.html.slim (Duration: 19.0ms | Allocations: 36905)
Completed 500 Internal Server Error in 33ms (ActiveRecord: 1.0ms | Allocations: 47030)


  
ActionView::Template::Error (The asset "application.css" is not present in the asset pipeline.
):
     7:     meta name="keywords" content="template language"
     8:     meta name="author" content='author'
     9:     meta name="viewport" content="width=device-width, initial-scale=1, shrink-to-fit=no"
    10:     = stylesheet_link_tag 'application', 'data-turbo-track': 'reload'
    11:     = javascript_include_tag 'application', 'data-turbo-track': 'reload', defer: true
    12: 
    13:   body.d-flex.flex-column.h-100
  
app/views/layouts/application.html.slim:10
Started GET "/tasks" for 127.0.0.1 at 2024-04-30 09:56:00 +0200
Processing by TasksController#index as HTML
  Rendering layout layouts/application.html.slim
  Rendering tasks/index.html.slim within layouts/application
  [1m[36mTask Load (0.4ms)[0m  [1m[34mSELECT "tasks".* FROM "tasks"[0m
  ↳ app/views/tasks/index.html.slim:4
  Rendered tasks/index.html.slim within layouts/application (Duration: 5.2ms | Allocations: 8616)
  Rendered layouts/shared/_nav.html.slim (Duration: 70.4ms | Allocations: 55090)
  Rendered layout layouts/application.html.slim (Duration: 78.7ms | Allocations: 72886)
Completed 500 Internal Server Error in 81ms (ActiveRecord: 1.1ms | Allocations: 74374)


  
ActionView::Template::Error (undefined local variable or method `posts_path' for #<ActionView::Base:0x0000000000b4c8>):
     9:           li.nav-item.me-2
    10:             = link_to t('.home'), root_path, class: 'nav-link link-dark'
    11:           li.nav-item.me-2
    12:             = link_to t('.posts'), posts_path, class: 'nav-link link-dark'
  
app/views/layouts/shared/_nav.html.slim:12
app/views/layouts/application.html.slim:15
Started GET "/tasks" for 127.0.0.1 at 2024-04-30 09:57:29 +0200
  [1m[36mActiveRecord::SchemaMigration Load (0.3ms)[0m  [1m[34mSELECT "schema_migrations"."version" FROM "schema_migrations" ORDER BY "schema_migrations"."version" ASC[0m
Processing by TasksController#index as HTML
  Rendering layout layouts/application.html.slim
  Rendering tasks/index.html.slim within layouts/application
  [1m[36mTask Load (0.4ms)[0m  [1m[34mSELECT "tasks".* FROM "tasks"[0m
  ↳ app/views/tasks/index.html.slim:4
  Rendered tasks/index.html.slim within layouts/application (Duration: 10.2ms | Allocations: 24126)
  Rendered layouts/shared/_nav.html.slim (Duration: 19.0ms | Allocations: 20539)
  Rendered layout layouts/application.html.slim (Duration: 34.6ms | Allocations: 54298)
Completed 500 Internal Server Error in 44ms (ActiveRecord: 1.2ms | Allocations: 63031)


  
ActionView::Template::Error (undefined local variable or method `posts_path' for #<ActionView::Base:0x00000000008ef8>):
     9:           li.nav-item.me-2
    10:             = link_to t('.home'), root_path, class: 'nav-link link-dark'
    11:           li.nav-item.me-2
    12:             = link_to t('.posts'), posts_path, class: 'nav-link link-dark'
  
app/views/layouts/shared/_nav.html.slim:12
app/views/layouts/application.html.slim:15
Started GET "/tasks" for 127.0.0.1 at 2024-04-30 10:06:42 +0200
Processing by TasksController#index as HTML
  Rendering layout layouts/application.html.slim
  Rendering tasks/index.html.slim within layouts/application
  [1m[36mTask Load (2.2ms)[0m  [1m[34mSELECT "tasks".* FROM "tasks"[0m
  ↳ app/views/tasks/index.html.slim:4
  Rendered tasks/index.html.slim within layouts/application (Duration: 6.6ms | Allocations: 1821)
  Rendered layouts/shared/_nav.html.slim (Duration: 3.1ms | Allocations: 1855)
  Rendered layout layouts/application.html.slim (Duration: 11.4ms | Allocations: 3979)
Completed 500 Internal Server Error in 13ms (ActiveRecord: 2.2ms | Allocations: 4199)


  
ActionView::Template::Error (undefined local variable or method `posts_path' for #<ActionView::Base:0x000000000092b8>):
     9:           li.nav-item.me-2
    10:             = link_to t('.home'), root_path, class: 'nav-link link-dark'
    11:           li.nav-item.me-2
    12:             = link_to t('.posts'), posts_path, class: 'nav-link link-dark'
  
app/views/layouts/shared/_nav.html.slim:12
app/views/layouts/application.html.slim:15
Started GET "/tasks" for 127.0.0.1 at 2024-04-30 10:15:24 +0200
Processing by TasksController#index as HTML
  Rendering layout layouts/application.html.slim
  Rendering tasks/index.html.slim within layouts/application
  [1m[36mTask Load (2.3ms)[0m  [1m[34mSELECT "tasks".* FROM "tasks"[0m
  ↳ app/views/tasks/index.html.slim:4
  Rendered tasks/index.html.slim within layouts/application (Duration: 5.4ms | Allocations: 1819)
  Rendered layouts/shared/_nav.html.slim (Duration: 2.0ms | Allocations: 1853)
  Rendered layout layouts/application.html.slim (Duration: 8.3ms | Allocations: 3975)
Completed 500 Internal Server Error in 10ms (ActiveRecord: 2.3ms | Allocations: 4194)


  
ActionView::Template::Error (undefined local variable or method `posts_path' for #<ActionView::Base:0x00000000009628>):
     9:           li.nav-item.me-2
    10:             = link_to t('.home'), root_path, class: 'nav-link link-dark'
    11:           li.nav-item.me-2
    12:             = link_to t('.posts'), posts_path, class: 'nav-link link-dark'
  
app/views/layouts/shared/_nav.html.slim:12
app/views/layouts/application.html.slim:15
Started GET "/" for 127.0.0.1 at 2024-04-30 10:15:50 +0200
Processing by HomeController#index as HTML
  Rendering layout layouts/application.html.slim
  Rendering home/index.html.slim within layouts/application
  Rendered home/index.html.slim within layouts/application (Duration: 0.9ms | Allocations: 1358)
  Rendered layouts/shared/_nav.html.slim (Duration: 1.5ms | Allocations: 1813)
  Rendered layout layouts/application.html.slim (Duration: 3.3ms | Allocations: 3487)
Completed 500 Internal Server Error in 4ms (ActiveRecord: 0.0ms | Allocations: 3857)


  
ActionView::Template::Error (undefined local variable or method `posts_path' for #<ActionView::Base:0x00000000009998>):
     9:           li.nav-item.me-2
    10:             = link_to t('.home'), root_path, class: 'nav-link link-dark'
    11:           li.nav-item.me-2
    12:             = link_to t('.posts'), posts_path, class: 'nav-link link-dark'
  
app/views/layouts/shared/_nav.html.slim:12
app/views/layouts/application.html.slim:15
Started GET "/" for 127.0.0.1 at 2024-04-30 10:23:52 +0200
Processing by HomeController#index as HTML
  Rendering layout layouts/application.html.slim
  Rendering home/index.html.slim within layouts/application
  Rendered home/index.html.slim within layouts/application (Duration: 1.6ms | Allocations: 1361)
  Rendered layouts/shared/_nav.html.slim (Duration: 2.5ms | Allocations: 4068)
  Rendered layouts/shared/_flash.html.slim (Duration: 1.1ms | Allocations: 2544)
  Rendered layout layouts/application.html.slim (Duration: 9.3ms | Allocations: 17316)
Completed 200 OK in 11ms (Views: 10.2ms | ActiveRecord: 0.0ms | Allocations: 18176)


Started GET "/assets/logo-949bedda5fac9b2f03fffb015caa449ee988a7ddbcbcddef1c7bdbdd7393f9e0.png" for 127.0.0.1 at 2024-04-30 10:23:52 +0200
Started GET "/" for 127.0.0.1 at 2024-04-30 10:23:54 +0200
Processing by HomeController#index as HTML
  Rendering layout layouts/application.html.slim
  Rendering home/index.html.slim within layouts/application
  Rendered home/index.html.slim within layouts/application (Duration: 0.2ms | Allocations: 40)
  Rendered layouts/shared/_nav.html.slim (Duration: 0.9ms | Allocations: 701)
  Rendered layouts/shared/_flash.html.slim (Duration: 0.1ms | Allocations: 55)
  Rendered layout layouts/application.html.slim (Duration: 18.4ms | Allocations: 3731)
Completed 200 OK in 20ms (Views: 19.1ms | ActiveRecord: 0.0ms | Allocations: 3953)


Started GET "/" for 127.0.0.1 at 2024-04-30 10:23:56 +0200
Processing by HomeController#index as HTML
  Rendering layout layouts/application.html.slim
  Rendering home/index.html.slim within layouts/application
  Rendered home/index.html.slim within layouts/application (Duration: 0.1ms | Allocations: 40)
  Rendered layouts/shared/_nav.html.slim (Duration: 2.4ms | Allocations: 679)
  Rendered layouts/shared/_flash.html.slim (Duration: 0.1ms | Allocations: 55)
  Rendered layout layouts/application.html.slim (Duration: 4.0ms | Allocations: 1218)
Completed 200 OK in 5ms (Views: 4.5ms | ActiveRecord: 0.0ms | Allocations: 1432)


Started GET "/" for 127.0.0.1 at 2024-04-30 10:23:56 +0200
Processing by HomeController#index as HTML
  Rendering layout layouts/application.html.slim
  Rendering home/index.html.slim within layouts/application
  Rendered home/index.html.slim within layouts/application (Duration: 0.1ms | Allocations: 40)
  Rendered layouts/shared/_nav.html.slim (Duration: 2.5ms | Allocations: 679)
  Rendered layouts/shared/_flash.html.slim (Duration: 0.1ms | Allocations: 55)
  Rendered layout layouts/application.html.slim (Duration: 5.1ms | Allocations: 1218)
Completed 200 OK in 7ms (Views: 6.2ms | ActiveRecord: 0.0ms | Allocations: 1436)


Started GET "/posts" for 127.0.0.1 at 2024-04-30 10:24:05 +0200
  
ActionController::RoutingError (No route matches [GET] "/posts"):
  
Started GET "/tasks" for 127.0.0.1 at 2024-04-30 10:24:10 +0200
Processing by TasksController#index as HTML
  Rendering layout layouts/application.html.slim
  Rendering tasks/index.html.slim within layouts/application
  [1m[36mTask Load (3.2ms)[0m  [1m[34mSELECT "tasks".* FROM "tasks"[0m
  ↳ app/views/tasks/index.html.slim:4
  Rendered tasks/index.html.slim within layouts/application (Duration: 11.9ms | Allocations: 8043)
  Rendered layouts/shared/_nav.html.slim (Duration: 0.9ms | Allocations: 686)
  Rendered layouts/shared/_flash.html.slim (Duration: 0.0ms | Allocations: 56)
  Rendered layout layouts/application.html.slim (Duration: 13.7ms | Allocations: 9239)
Completed 200 OK in 17ms (Views: 10.2ms | ActiveRecord: 4.0ms | Allocations: 10321)


Started GET "/tasks" for 127.0.0.1 at 2024-04-30 10:24:11 +0200
Processing by TasksController#index as HTML
  Rendering layout layouts/application.html.slim
  Rendering tasks/index.html.slim within layouts/application
  [1m[36mTask Load (1.6ms)[0m  [1m[34mSELECT "tasks".* FROM "tasks"[0m
  ↳ app/views/tasks/index.html.slim:4
  Rendered tasks/index.html.slim within layouts/application (Duration: 7.0ms | Allocations: 1521)
  Rendered layouts/shared/_nav.html.slim (Duration: 2.7ms | Allocations: 679)
  Rendered layouts/shared/_flash.html.slim (Duration: 0.1ms | Allocations: 55)
  Rendered layout layouts/application.html.slim (Duration: 12.5ms | Allocations: 2698)
Completed 200 OK in 14ms (Views: 12.7ms | ActiveRecord: 0.5ms | Allocations: 2928)


Started GET "/tasks/1" for 127.0.0.1 at 2024-04-30 10:24:12 +0200
Processing by TasksController#show as HTML
  Parameters: {"id"=>"1"}
  [1m[36mTask Load (1.4ms)[0m  [1m[34mSELECT "tasks".* FROM "tasks" WHERE "tasks"."id" = ? LIMIT ?[0m  [["id", 1], ["LIMIT", 1]]
  ↳ app/controllers/tasks_controller.rb:9:in `show'
  Rendering layout layouts/application.html.slim
  Rendering tasks/show.html.slim within layouts/application
  Rendered tasks/show.html.slim within layouts/application (Duration: 8.6ms | Allocations: 7422)
  Rendered layouts/shared/_nav.html.slim (Duration: 1.2ms | Allocations: 679)
  Rendered layouts/shared/_flash.html.slim (Duration: 0.1ms | Allocations: 55)
  Rendered layout layouts/application.html.slim (Duration: 10.8ms | Allocations: 8599)
Completed 200 OK in 20ms (Views: 11.3ms | ActiveRecord: 0.3ms | Allocations: 11633)


Started GET "/tasks" for 127.0.0.1 at 2024-04-30 10:24:14 +0200
Processing by TasksController#index as HTML
  Rendering layout layouts/application.html.slim
  Rendering tasks/index.html.slim within layouts/application
  [1m[36mTask Load (2.5ms)[0m  [1m[34mSELECT "tasks".* FROM "tasks"[0m
  ↳ app/views/tasks/index.html.slim:4
  Rendered tasks/index.html.slim within layouts/application (Duration: 7.0ms | Allocations: 1513)
  Rendered layouts/shared/_nav.html.slim (Duration: 2.4ms | Allocations: 679)
  Rendered layouts/shared/_flash.html.slim (Duration: 0.1ms | Allocations: 55)
  Rendered layout layouts/application.html.slim (Duration: 12.4ms | Allocations: 2697)
Completed 200 OK in 15ms (Views: 13.5ms | ActiveRecord: 0.3ms | Allocations: 2931)


Started GET "/tasks/3" for 127.0.0.1 at 2024-04-30 10:24:15 +0200
Processing by TasksController#show as HTML
  Parameters: {"id"=>"3"}
  [1m[36mTask Load (1.0ms)[0m  [1m[34mSELECT "tasks".* FROM "tasks" WHERE "tasks"."id" = ? LIMIT ?[0m  [["id", 3], ["LIMIT", 1]]
  ↳ app/controllers/tasks_controller.rb:9:in `show'
  Rendering layout layouts/application.html.slim
  Rendering tasks/show.html.slim within layouts/application
  Rendered tasks/show.html.slim within layouts/application (Duration: 0.9ms | Allocations: 149)
  Rendered layouts/shared/_nav.html.slim (Duration: 1.7ms | Allocations: 679)
  Rendered layouts/shared/_flash.html.slim (Duration: 0.6ms | Allocations: 55)
  Rendered layout layouts/application.html.slim (Duration: 5.0ms | Allocations: 1326)
Completed 200 OK in 9ms (Views: 5.6ms | ActiveRecord: 0.2ms | Allocations: 2026)


Started GET "/tasks" for 127.0.0.1 at 2024-04-30 10:24:16 +0200
Processing by TasksController#index as HTML
  Rendering layout layouts/application.html.slim
  Rendering tasks/index.html.slim within layouts/application
  [1m[36mTask Load (1.4ms)[0m  [1m[34mSELECT "tasks".* FROM "tasks"[0m
  ↳ app/views/tasks/index.html.slim:4
  Rendered tasks/index.html.slim within layouts/application (Duration: 5.2ms | Allocations: 1513)
  Rendered layouts/shared/_nav.html.slim (Duration: 2.0ms | Allocations: 679)
  Rendered layouts/shared/_flash.html.slim (Duration: 0.1ms | Allocations: 55)
  Rendered layout layouts/application.html.slim (Duration: 9.1ms | Allocations: 2690)
Completed 200 OK in 11ms (Views: 9.5ms | ActiveRecord: 0.3ms | Allocations: 2916)


Started GET "/tasks" for 127.0.0.1 at 2024-04-30 12:09:44 +0200
Processing by TasksController#index as HTML
  Rendering layout layouts/application.html.slim
  Rendering tasks/index.html.slim within layouts/application
  [1m[36mTask Load (7.3ms)[0m  [1m[34mSELECT "tasks".* FROM "tasks"[0m
  ↳ app/views/tasks/index.html.slim:4
  Rendered tasks/index.html.slim within layouts/application (Duration: 11.2ms | Allocations: 1812)
  Rendered layouts/shared/_nav.html.slim (Duration: 2.4ms | Allocations: 685)
  Rendered layouts/shared/_flash.html.slim (Duration: 0.1ms | Allocations: 55)
  Rendered layout layouts/application.html.slim (Duration: 19.6ms | Allocations: 2995)
Completed 200 OK in 21ms (Views: 11.9ms | ActiveRecord: 8.4ms | Allocations: 3221)


Started GET "/tasks" for 127.0.0.1 at 2024-04-30 12:12:13 +0200
  [1m[36mActiveRecord::SchemaMigration Load (0.5ms)[0m  [1m[34mSELECT "schema_migrations"."version" FROM "schema_migrations" ORDER BY "schema_migrations"."version" ASC[0m
Processing by TasksController#index as HTML
  Rendering layout layouts/application.html.slim
  Rendering tasks/index.html.slim within layouts/application
  [1m[36mTask Load (0.4ms)[0m  [1m[34mSELECT "tasks".* FROM "tasks"[0m
  ↳ app/views/tasks/index.html.slim:4
  Rendered tasks/index.html.slim within layouts/application (Duration: 12.0ms | Allocations: 24126)
  Rendered layouts/shared/_nav.html.slim (Duration: 20.3ms | Allocations: 17031)
  Rendered layouts/shared/_flash.html.slim (Duration: 1.7ms | Allocations: 2560)
  Rendered layout layouts/application.html.slim (Duration: 42.5ms | Allocations: 54523)
Completed 200 OK in 54ms (Views: 42.5ms | ActiveRecord: 1.7ms | Allocations: 63305)


Started GET "/tasks/new" for 127.0.0.1 at 2024-04-30 12:12:14 +0200
Processing by TasksController#new as HTML
  Rendering layout layouts/application.html.slim
  Rendering tasks/new.html.slim within layouts/application
  Rendered tasks/_form.slim (Duration: 5.1ms | Allocations: 4198)
  Rendered tasks/new.html.slim within layouts/application (Duration: 9.9ms | Allocations: 6637)
  Rendered layout layouts/application.html.slim (Duration: 10.1ms | Allocations: 6727)
Completed 500 Internal Server Error in 12ms (ActiveRecord: 0.0ms | Allocations: 7071)


  
ActionView::Template::Error (undefined local variable or method `article' for #<ActionView::Base:0x00000000009038>):
    1: = simple_form_for article do |f|
    2:   = f.input :title
    3:   = f.input :body
    4:   = f.input :author
  
app/views/tasks/_form.slim:1
app/views/tasks/new.html.slim:3
Started GET "/tasks/new" for 127.0.0.1 at 2024-04-30 12:12:48 +0200
Processing by TasksController#new as HTML
  Rendering layout layouts/application.html.slim
  Rendering tasks/new.html.slim within layouts/application
  Rendered tasks/_form.slim (Duration: 30.8ms | Allocations: 16911)
  Rendered tasks/new.html.slim within layouts/application (Duration: 32.3ms | Allocations: 19352)
  Rendered layout layouts/application.html.slim (Duration: 32.3ms | Allocations: 19443)
Completed 500 Internal Server Error in 38ms (ActiveRecord: 1.0ms | Allocations: 25039)


  
ActionView::Template::Error (undefined method `title' for #<Task id: nil, name: nil, description: nil, status: nil, creator: nil, performer: nil, completed: nil, created_at: nil, updated_at: nil>):
    1: = simple_form_for task do |f|
    2:   = f.input :title
    3:   = f.input :body
    4:   = f.input :author
    5:   = f.button :submit
  
app/views/tasks/_form.slim:2
app/views/tasks/_form.slim:1
app/views/tasks/new.html.slim:3
Started GET "/tasks/new" for 127.0.0.1 at 2024-04-30 12:19:46 +0200
Processing by TasksController#new as HTML
  Rendering layout layouts/application.html.slim
  Rendering tasks/new.html.slim within layouts/application
  Rendered tasks/_form.slim (Duration: 5.6ms | Allocations: 8353)
  Rendered tasks/new.html.slim within layouts/application (Duration: 7.5ms | Allocations: 10793)
  Rendered layout layouts/application.html.slim (Duration: 7.5ms | Allocations: 10884)
Completed 500 Internal Server Error in 13ms (ActiveRecord: 0.0ms | Allocations: 15690)


  
ActionView::Template::Error (undefined method `map' for nil:NilClass):
    2:   = f.input :name
    3:   = f.input :creator
    4:   = f.input :performer
    5:   = f.select :status
    6:   = f.textarea :description
    7:   = f.checkbox :completed
    8:   = f.button :submit
  
app/views/tasks/_form.slim:5
app/views/tasks/_form.slim:1
app/views/tasks/new.html.slim:3
Started GET "/tasks/new" for 127.0.0.1 at 2024-04-30 15:44:36 +0200
Processing by TasksController#new as HTML
  Rendering layout layouts/application.html.slim
  Rendering tasks/new.html.slim within layouts/application
  Rendered tasks/_form.slim (Duration: 16.0ms | Allocations: 9763)
  Rendered tasks/new.html.slim within layouts/application (Duration: 20.4ms | Allocations: 12226)
  Rendered layouts/shared/_nav.html.slim (Duration: 4.4ms | Allocations: 4067)
  Rendered layouts/shared/_flash.html.slim (Duration: 1.8ms | Allocations: 2517)
  Rendered layout layouts/application.html.slim (Duration: 30.6ms | Allocations: 28043)
Completed 200 OK in 40ms (Views: 32.0ms | ActiveRecord: 0.0ms | Allocations: 32842)


Started GET "/tasks/new" for 127.0.0.1 at 2024-04-30 15:45:05 +0200
Processing by TasksController#new as HTML
  Rendering layout layouts/application.html.slim
  Rendering tasks/new.html.slim within layouts/application
  Rendered tasks/_form.slim (Duration: 5.8ms | Allocations: 8856)
  Rendered tasks/new.html.slim within layouts/application (Duration: 7.6ms | Allocations: 11319)
  Rendered layouts/shared/_nav.html.slim (Duration: 2.2ms | Allocations: 4067)
  Rendered layouts/shared/_flash.html.slim (Duration: 1.0ms | Allocations: 2517)
  Rendered layout layouts/application.html.slim (Duration: 14.5ms | Allocations: 27140)
Completed 200 OK in 26ms (Views: 15.4ms | ActiveRecord: 9.7ms | Allocations: 32695)


Started GET "/tasks/new" for 127.0.0.1 at 2024-04-30 15:45:28 +0200
Processing by TasksController#new as HTML
  Rendering layout layouts/application.html.slim
  Rendering tasks/new.html.slim within layouts/application
  Rendered tasks/_form.slim (Duration: 4.5ms | Allocations: 8067)
  Rendered tasks/new.html.slim within layouts/application (Duration: 6.3ms | Allocations: 10507)
  Rendered layout layouts/application.html.slim (Duration: 6.4ms | Allocations: 10598)
Completed 500 Internal Server Error in 20ms (ActiveRecord: 1.8ms | Allocations: 16140)


  
ActionView::Template::Error (undefined method `new' for "new":String):
    2:   = f.input :name
    3:   = f.input :creator
    4:   = f.input :performer
    5:   = f.input :status, collection: ["new", "archived"], value_method: "new"
    6:   = f.input :description
    7:   = f.input :completed
    8:   = f.button :submit
  
app/views/tasks/_form.slim:5
app/views/tasks/_form.slim:1
app/views/tasks/new.html.slim:3
Started GET "/tasks/new" for 127.0.0.1 at 2024-04-30 15:45:45 +0200
Processing by TasksController#new as HTML
  Rendering layout layouts/application.html.slim
  Rendering tasks/new.html.slim within layouts/application
  Rendered tasks/_form.slim (Duration: 4.1ms | Allocations: 7742)
  Rendered tasks/new.html.slim within layouts/application (Duration: 5.4ms | Allocations: 10182)
  Rendered layout layouts/application.html.slim (Duration: 5.5ms | Allocations: 10273)
Completed 500 Internal Server Error in 10ms (ActiveRecord: 1.3ms | Allocations: 15850)


  
ActionView::Template::Error (undefined local variable or method `value_method' for #<ActionView::Base:0x00000000016828>):
    2:   = f.input :name
    3:   = f.input :creator
    4:   = f.input :performer
    5:   = f.input :status, collection: ["new", "archived"], value_method:
    6:   = f.input :description
    7:   = f.input :completed
    8:   = f.button :submit
  
app/views/tasks/_form.slim:5
app/views/tasks/_form.slim:1
app/views/tasks/new.html.slim:3
Started GET "/tasks/new" for 127.0.0.1 at 2024-04-30 15:46:05 +0200
Processing by TasksController#new as HTML
  Rendering layout layouts/application.html.slim
  Rendering tasks/new.html.slim within layouts/application
  Rendered tasks/_form.slim (Duration: 3.7ms | Allocations: 8585)
  Rendered tasks/new.html.slim within layouts/application (Duration: 5.1ms | Allocations: 11048)
  Rendered layouts/shared/_nav.html.slim (Duration: 2.3ms | Allocations: 4066)
  Rendered layouts/shared/_flash.html.slim (Duration: 1.3ms | Allocations: 2517)
  Rendered layout layouts/application.html.slim (Duration: 11.5ms | Allocations: 26862)
Completed 200 OK in 16ms (Views: 12.2ms | ActiveRecord: 1.5ms | Allocations: 32452)


Started GET "/tasks/new" for 127.0.0.1 at 2024-04-30 15:51:17 +0200
Processing by TasksController#new as HTML
  Rendering layout layouts/application.html.slim
  Rendering tasks/new.html.slim within layouts/application
  Rendered tasks/_form.slim (Duration: 4.9ms | Allocations: 8613)
  Rendered tasks/new.html.slim within layouts/application (Duration: 6.7ms | Allocations: 11076)
  Rendered layouts/shared/_nav.html.slim (Duration: 2.3ms | Allocations: 4066)
  Rendered layouts/shared/_flash.html.slim (Duration: 1.1ms | Allocations: 2517)
  Rendered layout layouts/application.html.slim (Duration: 13.2ms | Allocations: 26890)
Completed 200 OK in 19ms (Views: 14.2ms | ActiveRecord: 0.0ms | Allocations: 31687)


Started GET "/tasks/new" for 127.0.0.1 at 2024-04-30 15:52:02 +0200
Processing by TasksController#new as HTML
  Rendering layout layouts/application.html.slim
  Rendering tasks/new.html.slim within layouts/application
  Rendered tasks/_form.slim (Duration: 4.7ms | Allocations: 8551)
  Rendered tasks/new.html.slim within layouts/application (Duration: 6.8ms | Allocations: 10996)
  Rendered layouts/shared/_nav.html.slim (Duration: 2.7ms | Allocations: 4054)
  Rendered layouts/shared/_flash.html.slim (Duration: 1.3ms | Allocations: 2517)
  Rendered layout layouts/application.html.slim (Duration: 13.8ms | Allocations: 26797)
Completed 200 OK in 21ms (Views: 14.8ms | ActiveRecord: 1.4ms | Allocations: 32329)


Started GET "/tasks/new" for 127.0.0.1 at 2024-05-06 10:23:46 +0200
  [1m[36mActiveRecord::SchemaMigration Load (0.4ms)[0m  [1m[34mSELECT "schema_migrations"."version" FROM "schema_migrations" ORDER BY "schema_migrations"."version" ASC[0m
Processing by TasksController#new as HTML
  Rendering layout layouts/application.html.slim
  Rendering tasks/new.html.slim within layouts/application
  Rendered tasks/_form.slim (Duration: 27.3ms | Allocations: 17089)
  Rendered tasks/new.html.slim within layouts/application (Duration: 33.0ms | Allocations: 28372)
  Rendered layouts/shared/_nav.html.slim (Duration: 12.8ms | Allocations: 16863)
  Rendered layouts/shared/_flash.html.slim (Duration: 1.2ms | Allocations: 2556)
  Rendered layout layouts/application.html.slim (Duration: 50.9ms | Allocations: 57177)
Completed 200 OK in 65ms (Views: 52.5ms | ActiveRecord: 1.0ms | Allocations: 75729)


Started GET "/tasks/new" for 127.0.0.1 at 2024-05-06 10:23:47 +0200
Processing by TasksController#new as HTML
  Rendering layout layouts/application.html.slim
  Rendering tasks/new.html.slim within layouts/application
  Rendered tasks/_form.slim (Duration: 7.3ms | Allocations: 3804)
  Rendered tasks/new.html.slim within layouts/application (Duration: 7.8ms | Allocations: 3917)
  Rendered layouts/shared/_nav.html.slim (Duration: 1.2ms | Allocations: 700)
  Rendered layouts/shared/_flash.html.slim (Duration: 0.1ms | Allocations: 55)
  Rendered layout layouts/application.html.slim (Duration: 9.7ms | Allocations: 4983)
Completed 200 OK in 11ms (Views: 10.4ms | ActiveRecord: 0.0ms | Allocations: 5229)


